<?xml version="1.0" encoding="UTF-8" ?>
<testsuite tests="26" failures="0" name="RobotCommandTest" time="10.182" errors="0" skipped="0">
  <properties>
[...]
</properties>
  <testcase classname="RobotCommandTest" name="testRightRight" time="0.068"/>
  <testcase classname="RobotCommandTest" name="lookRobotObstructionEast" time="0.006"/>
  <testcase classname="RobotCommandTest" name="lookRobotObstructionWest" time="0.025"/>
  <testcase classname="RobotCommandTest" name="testLeftLeft" time="0"/>
  <testcase classname="RobotCommandTest" name="testBackBack" time="0.002"/>
  <testcase classname="RobotCommandTest" name="testRight" time="0.001"/>
  <testcase classname="RobotCommandTest" name="lookEdgeObstructionNorth" time="0.004"/>
  <testcase classname="RobotCommandTest" name="testBack" time="0"/>
  <testcase classname="RobotCommandTest" name="testLeft" time="0.001"/>
  <testcase classname="RobotCommandTest" name="testMine" time="10.003"/>
  <testcase classname="RobotCommandTest" name="testForward" time="0.003"/>
  <testcase classname="RobotCommandTest" name="lookPitfallObstructionEast" time="0.022"/>
  <testcase classname="RobotCommandTest" name="lookPitfallObstructionWest" time="0.003"/>
  <testcase classname="RobotCommandTest" name="lookObstacleObstructionNorth" time="0.017"/>
  <testcase classname="RobotCommandTest" name="lookObstacleObstructionSouth" time="0.004"/>
  <testcase classname="RobotCommandTest" name="lookPitfallObstructionNorth" time="0.003"/>
  <testcase classname="RobotCommandTest" name="lookPitfallObstructionSouth" time="0.002"/>
  <testcase classname="RobotCommandTest" name="lookNoObstructions" time="0.002"/>
  <testcase classname="RobotCommandTest" name="missedShotObstacle" time="0.001"/>
  <testcase classname="RobotCommandTest" name="missedShot" time="0.001"/>
  <testcase classname="RobotCommandTest" name="testForwardForward" time="0.001"/>
  <testcase classname="RobotCommandTest" name="testForwardNoArg" time="0.001"/>
  <testcase classname="RobotCommandTest" name="lookObstacleObstructionEast" time="0.002"/>
  <testcase classname="RobotCommandTest" name="lookObstacleObstructionWest" time="0.003"/>
  <testcase classname="RobotCommandTest" name="lookRobotObstructionNorth" time="0.004"/>
  <testcase classname="RobotCommandTest" name="lookRobotObstructionSouth" time="0.003"/>
</testsuite>